This file contains any messages produced by compilers while
running configure, to aid debugging if configure makes a mistake.

It was created by MATIO configure 1.5.2, which was
generated by GNU Autoconf 2.68.  Invocation command line was

  $ ./configure 

## --------- ##
## Platform. ##
## --------- ##

hostname = wks-12-45
uname -m = x86_64
uname -r = 3.18.26.1.amd64-smp
uname -s = Linux
uname -v = #1 SMP Tue Jan 26 10:27:04 CET 2016

/usr/bin/uname -p = unknown
/bin/uname -X     = unknown

/bin/arch              = unknown
/usr/bin/arch -k       = unknown
/usr/convex/getsysinfo = unknown
/usr/bin/hostinfo      = unknown
/bin/machine           = unknown
/usr/bin/oslevel       = unknown
/bin/universe          = unknown

PATH: /home/zhongjie/CodesDown/anaconda/bin
PATH: /home/zhongjie/CodesDown/numpy-1.10.4/numpy/core
PATH: /home/zhongjie/CodesDown/anaconda/bin
PATH: /home/zhongjie/CodesDown/hdf5/bin
PATH: /home/zhongjie/CodesDown/protobuf-master/build/bin
PATH: /home/zhongjie/CodesDown/gflags-2.0/bulid/bin
PATH: /home/zhongjie/CodesDown/glog-0.3.4/build/share
PATH: /home/zhongjie/CodesDown/leveldb-master
PATH: /home/zhongjie/CodesDown/liblmd
PATH: /home/zhongjie/CodesDown/snappy-1.1.3/build/share
PATH: /usr/bin
PATH: /home/zhongjie/CodesDown/anaconda/bin
PATH: /home/zhongjie/CodesDown/numpy-1.10.4/numpy/core
PATH: /home/zhongjie/CodesDown/anaconda/bin
PATH: /home/zhongjie/CodesDown/hdf5/bin
PATH: /home/zhongjie/CodesDown/protobuf-master/build/bin
PATH: /home/zhongjie/CodesDown/gflags-2.0/bulid/bin
PATH: /home/zhongjie/CodesDown/glog-0.3.4/build/share
PATH: /home/zhongjie/CodesDown/leveldb-master
PATH: /home/zhongjie/CodesDown/liblmd
PATH: /home/zhongjie/CodesDown/snappy-1.1.3/build/share
PATH: /usr/bin
PATH: /home/zhongjie/CodesDown/anaconda/bin
PATH: /home/zhongjie/CodesDown/numpy-1.10.4/numpy/core
PATH: /home/zhongjie/CodesDown/anaconda/bin
PATH: /home/zhongjie/CodesDown/hdf5/bin
PATH: /home/zhongjie/CodesDown/protobuf-master/build/bin
PATH: /home/zhongjie/CodesDown/gflags-2.0/bulid/bin
PATH: /home/zhongjie/CodesDown/glog-0.3.4/build/share
PATH: /home/zhongjie/CodesDown/leveldb-master
PATH: /home/zhongjie/CodesDown/liblmd
PATH: /home/zhongjie/CodesDown/snappy-1.1.3/build/share
PATH: /usr/bin
PATH: /home/zhongjie/CodesDown/anaconda/bin
PATH: /home/zhongjie/CodesDown/numpy-1.10.4/numpy/core
PATH: /home/zhongjie/CodesDown/anaconda/bin
PATH: /home/zhongjie/CodesDown/hdf5/bin
PATH: /home/zhongjie/CodesDown/protobuf-master/build/bin
PATH: /home/zhongjie/CodesDown/gflags-2.0/bulid/bin
PATH: /home/zhongjie/CodesDown/glog-0.3.4/build/share
PATH: /home/zhongjie/CodesDown/leveldb-master
PATH: /home/zhongjie/CodesDown/liblmd
PATH: /home/zhongjie/CodesDown/snappy-1.1.3/build/share
PATH: /usr/bin
PATH: /home/zhongjie/CodesDown/anaconda/bin
PATH: /home/zhongjie/CodesDown/numpy-1.10.4/numpy/core
PATH: /home/zhongjie/CodesDown/anaconda/bin
PATH: /home/zhongjie/CodesDown/hdf5/bin
PATH: /home/zhongjie/CodesDown/protobuf-master/build/bin
PATH: /home/zhongjie/CodesDown/gflags-2.0/bulid/bin
PATH: /home/zhongjie/CodesDown/glog-0.3.4/build/share
PATH: /home/zhongjie/CodesDown/leveldb-master
PATH: /home/zhongjie/CodesDown/liblmd
PATH: /home/zhongjie/CodesDown/snappy-1.1.3/build/share
PATH: /usr/bin
PATH: /home/zhongjie/CodesDown/anaconda/bin
PATH: /home/zhongjie/CodesDown/numpy-1.10.4/numpy/core
PATH: /home/zhongjie/CodesDown/anaconda/bin
PATH: /home/zhongjie/CodesDown/hdf5/bin
PATH: /home/zhongjie/CodesDown/protobuf-master/build/bin
PATH: /home/zhongjie/CodesDown/gflags-2.0/bulid/bin
PATH: /home/zhongjie/CodesDown/glog-0.3.4/build/share
PATH: /home/zhongjie/CodesDown/leveldb-master
PATH: /home/zhongjie/CodesDown/liblmd
PATH: /home/zhongjie/CodesDown/snappy-1.1.3/build/share
PATH: /usr/bin
PATH: /home/zhongjie/CodesDown/anaconda/bin
PATH: /home/zhongjie/CodesDown/numpy-1.10.4/numpy/core
PATH: /home/zhongjie/CodesDown/anaconda/bin
PATH: /home/zhongjie/CodesDown/hdf5/bin
PATH: /home/zhongjie/CodesDown/protobuf-master/build/bin
PATH: /home/zhongjie/CodesDown/gflags-2.0/bulid/bin
PATH: /home/zhongjie/CodesDown/glog-0.3.4/build/share
PATH: /home/zhongjie/CodesDown/leveldb-master
PATH: /home/zhongjie/CodesDown/liblmd
PATH: /home/zhongjie/CodesDown/snappy-1.1.3/build/share
PATH: /usr/bin
PATH: /home/zhongjie/CodesDown/anaconda/bin
PATH: /home/zhongjie/CodesDown/numpy-1.10.4/numpy/core
PATH: /home/zhongjie/CodesDown/anaconda/bin
PATH: /home/zhongjie/CodesDown/hdf5/bin
PATH: /home/zhongjie/CodesDown/protobuf-master/build/bin
PATH: /home/zhongjie/CodesDown/gflags-2.0/bulid/bin
PATH: /home/zhongjie/CodesDown/glog-0.3.4/build/share
PATH: /home/zhongjie/CodesDown/leveldb-master
PATH: /home/zhongjie/CodesDown/liblmd
PATH: /home/zhongjie/CodesDown/snappy-1.1.3/build/share
PATH: /usr/bin
PATH: /home/zhongjie/CodesDown/anaconda/bin
PATH: /home/zhongjie/CodesDown/numpy-1.10.4/numpy/core
PATH: /home/zhongjie/CodesDown/anaconda/bin
PATH: /home/zhongjie/CodesDown/hdf5/bin
PATH: /home/zhongjie/CodesDown/protobuf-master/build/bin
PATH: /home/zhongjie/CodesDown/gflags-2.0/bulid/bin
PATH: /home/zhongjie/CodesDown/glog-0.3.4/build/share
PATH: /home/zhongjie/CodesDown/leveldb-master
PATH: /home/zhongjie/CodesDown/liblmd
PATH: /home/zhongjie/CodesDown/snappy-1.1.3/build/share
PATH: /usr/bin
PATH: /home/zhongjie/CodesDown/anaconda/bin
PATH: /home/zhongjie/CodesDown/anaconda/bin
PATH: /home/zhongjie/CodesDown/hdf5/bin
PATH: /home/zhongjie/CodesDown/protobuf-master/build/bin
PATH: /home/zhongjie/CodesDown/gflags-2.0/bulid/bin
PATH: /home/zhongjie/CodesDown/glog-0.3.4/build/share
PATH: /home/zhongjie/CodesDown/leveldb-master
PATH: /home/zhongjie/CodesDown/liblmd
PATH: /home/zhongjie/CodesDown/snappy-1.1.3/build/share
PATH: /usr/bin
PATH: /usr/local/bin
PATH: /usr/bin
PATH: /bin
PATH: /usr/local/games
PATH: /usr/games


## ----------- ##
## Core tests. ##
## ----------- ##

configure:2462: checking for a BSD-compatible install
configure:2530: result: /usr/bin/install -c
configure:2541: checking whether build environment is sane
configure:2591: result: yes
configure:2732: checking for a thread-safe mkdir -p
configure:2771: result: /bin/mkdir -p
configure:2784: checking for gawk
configure:2800: found /usr/bin/gawk
configure:2811: result: gawk
configure:2822: checking whether make sets $(MAKE)
configure:2844: result: yes
configure:2937: checking whether to enable maintainer-specific portions of Makefiles
configure:2946: result: no
configure:2964: checking build system type
configure:2978: result: x86_64-unknown-linux-gnu
configure:2998: checking host system type
configure:3011: result: x86_64-unknown-linux-gnu
configure:3117: checking for pgcc
configure:3147: result: no
configure:3117: checking for icc
configure:3147: result: no
configure:3117: checking for gcc
configure:3133: found /usr/bin/gcc
configure:3144: result: gcc
configure:3175: checking for C compiler version
configure:3184: gcc --version >&5
gcc (Debian 4.9.2-10) 4.9.2
Copyright (C) 2014 Free Software Foundation, Inc.
This is free software; see the source for copying conditions.  There is NO
warranty; not even for MERCHANTABILITY or FITNESS FOR A PARTICULAR PURPOSE.

configure:3195: $? = 0
configure:3184: gcc -v >&5
Using built-in specs.
COLLECT_GCC=gcc
COLLECT_LTO_WRAPPER=/usr/lib/gcc/x86_64-linux-gnu/4.9/lto-wrapper
Target: x86_64-linux-gnu
Configured with: ../src/configure -v --with-pkgversion='Debian 4.9.2-10' --with-bugurl=file:///usr/share/doc/gcc-4.9/README.Bugs --enable-languages=c,c++,java,go,d,fortran,objc,obj-c++ --prefix=/usr --program-suffix=-4.9 --enable-shared --enable-linker-build-id --libexecdir=/usr/lib --without-included-gettext --enable-threads=posix --with-gxx-include-dir=/usr/include/c++/4.9 --libdir=/usr/lib --enable-nls --with-sysroot=/ --enable-clocale=gnu --enable-libstdcxx-debug --enable-libstdcxx-time=yes --enable-gnu-unique-object --disable-vtable-verify --enable-plugin --with-system-zlib --disable-browser-plugin --enable-java-awt=gtk --enable-gtk-cairo --with-java-home=/usr/lib/jvm/java-1.5.0-gcj-4.9-amd64/jre --enable-java-home --with-jvm-root-dir=/usr/lib/jvm/java-1.5.0-gcj-4.9-amd64 --with-jvm-jar-dir=/usr/lib/jvm-exports/java-1.5.0-gcj-4.9-amd64 --with-arch-directory=amd64 --with-ecj-jar=/usr/share/java/eclipse-ecj.jar --enable-objc-gc --enable-multiarch --with-arch-32=i586 --with-abi=m64 --with-multilib-list=m32,m64,mx32 --enable-multilib --with-tune=generic --enable-checking=release --build=x86_64-linux-gnu --host=x86_64-linux-gnu --target=x86_64-linux-gnu
Thread model: posix
gcc version 4.9.2 (Debian 4.9.2-10) 
configure:3195: $? = 0
configure:3184: gcc -V >&5
gcc: error: unrecognized command line option '-V'
gcc: fatal error: no input files
compilation terminated.
configure:3195: $? = 4
configure:3184: gcc -qversion >&5
gcc: error: unrecognized command line option '-qversion'
gcc: fatal error: no input files
compilation terminated.
configure:3195: $? = 4
configure:3215: checking whether the C compiler works
configure:3237: gcc    conftest.c  >&5
configure:3241: $? = 0
configure:3289: result: yes
configure:3292: checking for C compiler default output file name
configure:3294: result: a.out
configure:3300: checking for suffix of executables
configure:3307: gcc -o conftest    conftest.c  >&5
configure:3311: $? = 0
configure:3333: result: 
configure:3355: checking whether we are cross compiling
configure:3363: gcc -o conftest    conftest.c  >&5
configure:3367: $? = 0
configure:3374: ./conftest
configure:3378: $? = 0
configure:3393: result: no
configure:3398: checking for suffix of object files
configure:3420: gcc -c   conftest.c >&5
configure:3424: $? = 0
configure:3445: result: o
configure:3449: checking whether we are using the GNU C compiler
configure:3468: gcc -c   conftest.c >&5
configure:3468: $? = 0
configure:3477: result: yes
configure:3486: checking whether gcc accepts -g
configure:3506: gcc -c -g  conftest.c >&5
configure:3506: $? = 0
configure:3547: result: yes
configure:3564: checking for gcc option to accept ISO C89
configure:3628: gcc  -c -g -O2  conftest.c >&5
configure:3628: $? = 0
configure:3641: result: none needed
configure:3669: checking debug mode
configure:3673: result: no
configure:3698: checking profile mode
configure:3702: result: no
configure:3856: checking how to print strings
configure:3883: result: printf
configure:3904: checking for a sed that does not truncate output
configure:3968: result: /bin/sed
configure:3986: checking for grep that handles long lines and -e
configure:4044: result: /bin/grep
configure:4049: checking for egrep
configure:4111: result: /bin/grep -E
configure:4116: checking for fgrep
configure:4178: result: /bin/grep -F
configure:4213: checking for ld used by gcc
configure:4280: result: /usr/bin/ld
configure:4287: checking if the linker (/usr/bin/ld) is GNU ld
configure:4302: result: yes
configure:4314: checking for BSD- or MS-compatible name lister (nm)
configure:4363: result: /usr/bin/nm -B
configure:4493: checking the name lister (/usr/bin/nm -B) interface
configure:4500: gcc -c  -g -O2  conftest.c >&5
configure:4503: /usr/bin/nm -B "conftest.o"
configure:4506: output
0000000000000000 B some_variable
configure:4513: result: BSD nm
configure:4516: checking whether ln -s works
configure:4520: result: yes
configure:4528: checking the maximum length of command line arguments
configure:4658: result: 1572864
configure:4675: checking whether the shell understands some XSI constructs
configure:4685: result: yes
configure:4689: checking whether the shell understands "+="
configure:4695: result: yes
configure:4730: checking how to convert x86_64-unknown-linux-gnu file names to x86_64-unknown-linux-gnu format
configure:4770: result: func_convert_file_noop
configure:4777: checking how to convert x86_64-unknown-linux-gnu file names to toolchain format
configure:4797: result: func_convert_file_noop
configure:4804: checking for /usr/bin/ld option to reload object files
configure:4811: result: -r
configure:4885: checking for objdump
configure:4901: found /usr/bin/objdump
configure:4912: result: objdump
configure:4944: checking how to recognize dependent libraries
configure:5146: result: pass_all
configure:5231: checking for dlltool
configure:5261: result: no
configure:5291: checking how to associate runtime and link libraries
configure:5318: result: printf %s\n
configure:5379: checking for ar
configure:5395: found /usr/bin/ar
configure:5406: result: ar
configure:5443: checking for archiver @FILE support
configure:5460: gcc -c  -g -O2  conftest.c >&5
configure:5460: $? = 0
configure:5463: ar cru libconftest.a @conftest.lst >&5
configure:5466: $? = 0
configure:5471: ar cru libconftest.a @conftest.lst >&5
ar: conftest.o: No such file or directory
configure:5474: $? = 1
configure:5486: result: @
configure:5544: checking for strip
configure:5560: found /usr/bin/strip
configure:5571: result: strip
configure:5643: checking for ranlib
configure:5659: found /usr/bin/ranlib
configure:5670: result: ranlib
configure:5772: checking command to parse /usr/bin/nm -B output from gcc object
configure:5892: gcc -c  -g -O2  conftest.c >&5
configure:5895: $? = 0
configure:5899: /usr/bin/nm -B conftest.o \| sed -n -e 's/^.*[ ]\([ABCDGIRSTW][ABCDGIRSTW]*\)[ ][ ]*\([_A-Za-z][_A-Za-z0-9]*\)$/\1 \2 \2/p' | sed '/ __gnu_lto/d' \> conftest.nm
configure:5902: $? = 0
configure:5968: gcc -o conftest  -g -O2   conftest.c conftstm.o >&5
configure:5971: $? = 0
configure:6009: result: ok
configure:6046: checking for sysroot
configure:6076: result: no
configure:6153: gcc -c  -g -O2  conftest.c >&5
configure:6156: $? = 0
configure:6332: checking for mt
configure:6348: found /bin/mt
configure:6359: result: mt
configure:6382: checking if mt is a manifest tool
configure:6388: mt '-?'
configure:6396: result: no
configure:7038: checking how to run the C preprocessor
configure:7069: gcc -E  conftest.c
configure:7069: $? = 0
configure:7083: gcc -E  conftest.c
conftest.c:18:28: fatal error: ac_nonexistent.h: No such file or directory
 #include <ac_nonexistent.h>
                            ^
compilation terminated.
configure:7083: $? = 1
configure: failed program was:
| /* confdefs.h */
| #define PACKAGE_NAME "MATIO"
| #define PACKAGE_TARNAME "matio"
| #define PACKAGE_VERSION "1.5.2"
| #define PACKAGE_STRING "MATIO 1.5.2"
| #define PACKAGE_BUGREPORT "chulbe2lsu@users.sourceforge.net"
| #define PACKAGE_URL "http://sourceforge.net/projects/matio"
| #define PACKAGE "matio"
| #define VERSION "1.5.2"
| #define MATIO_PLATFORM "x86_64-unknown-linux-gnu"
| #define MATIO_MAJOR_VERSION 1
| #define MATIO_MINOR_VERSION 5
| #define MATIO_RELEASE_LEVEL 2
| #define MATIO_VERSION 151
| #define NODEBUG /**/
| #define NODEBUG /**/
| /* end confdefs.h.  */
| #include <ac_nonexistent.h>
configure:7108: result: gcc -E
configure:7128: gcc -E  conftest.c
configure:7128: $? = 0
configure:7142: gcc -E  conftest.c
conftest.c:18:28: fatal error: ac_nonexistent.h: No such file or directory
 #include <ac_nonexistent.h>
                            ^
compilation terminated.
configure:7142: $? = 1
configure: failed program was:
| /* confdefs.h */
| #define PACKAGE_NAME "MATIO"
| #define PACKAGE_TARNAME "matio"
| #define PACKAGE_VERSION "1.5.2"
| #define PACKAGE_STRING "MATIO 1.5.2"
| #define PACKAGE_BUGREPORT "chulbe2lsu@users.sourceforge.net"
| #define PACKAGE_URL "http://sourceforge.net/projects/matio"
| #define PACKAGE "matio"
| #define VERSION "1.5.2"
| #define MATIO_PLATFORM "x86_64-unknown-linux-gnu"
| #define MATIO_MAJOR_VERSION 1
| #define MATIO_MINOR_VERSION 5
| #define MATIO_RELEASE_LEVEL 2
| #define MATIO_VERSION 151
| #define NODEBUG /**/
| #define NODEBUG /**/
| /* end confdefs.h.  */
| #include <ac_nonexistent.h>
configure:7171: checking for ANSI C header files
configure:7191: gcc -c  -g -O2  conftest.c >&5
configure:7191: $? = 0
configure:7264: gcc -o conftest  -g -O2   conftest.c  >&5
configure:7264: $? = 0
configure:7264: ./conftest
configure:7264: $? = 0
configure:7275: result: yes
configure:7288: checking for sys/types.h
configure:7288: gcc -c  -g -O2  conftest.c >&5
configure:7288: $? = 0
configure:7288: result: yes
configure:7288: checking for sys/stat.h
configure:7288: gcc -c  -g -O2  conftest.c >&5
configure:7288: $? = 0
configure:7288: result: yes
configure:7288: checking for stdlib.h
configure:7288: gcc -c  -g -O2  conftest.c >&5
configure:7288: $? = 0
configure:7288: result: yes
configure:7288: checking for string.h
configure:7288: gcc -c  -g -O2  conftest.c >&5
configure:7288: $? = 0
configure:7288: result: yes
configure:7288: checking for memory.h
configure:7288: gcc -c  -g -O2  conftest.c >&5
configure:7288: $? = 0
configure:7288: result: yes
configure:7288: checking for strings.h
configure:7288: gcc -c  -g -O2  conftest.c >&5
configure:7288: $? = 0
configure:7288: result: yes
configure:7288: checking for inttypes.h
configure:7288: gcc -c  -g -O2  conftest.c >&5
configure:7288: $? = 0
configure:7288: result: yes
configure:7288: checking for stdint.h
configure:7288: gcc -c  -g -O2  conftest.c >&5
configure:7288: $? = 0
configure:7288: result: yes
configure:7288: checking for unistd.h
configure:7288: gcc -c  -g -O2  conftest.c >&5
configure:7288: $? = 0
configure:7288: result: yes
configure:7302: checking for dlfcn.h
configure:7302: gcc -c  -g -O2  conftest.c >&5
configure:7302: $? = 0
configure:7302: result: yes
configure:7448: checking for objdir
configure:7463: result: .libs
configure:7734: checking if gcc supports -fno-rtti -fno-exceptions
configure:7752: gcc -c  -g -O2  -fno-rtti -fno-exceptions conftest.c >&5
cc1: warning: command line option '-fno-rtti' is valid for C++/ObjC++ but not for C
configure:7756: $? = 0
configure:7769: result: no
configure:8096: checking for gcc option to produce PIC
configure:8103: result: -fPIC -DPIC
configure:8111: checking if gcc PIC flag -fPIC -DPIC works
configure:8129: gcc -c  -g -O2  -fPIC -DPIC -DPIC conftest.c >&5
configure:8133: $? = 0
configure:8146: result: yes
configure:8175: checking if gcc static flag -static works
configure:8203: result: yes
configure:8218: checking if gcc supports -c -o file.o
configure:8239: gcc -c  -g -O2  -o out/conftest2.o conftest.c >&5
configure:8243: $? = 0
configure:8265: result: yes
configure:8273: checking if gcc supports -c -o file.o
configure:8320: result: yes
configure:8353: checking whether the gcc linker (/usr/bin/ld -m elf_x86_64) supports shared libraries
configure:9506: result: yes
configure:9543: checking whether -lc should be explicitly linked in
configure:9551: gcc -c  -g -O2  conftest.c >&5
configure:9554: $? = 0
configure:9569: gcc -shared  -fPIC -DPIC conftest.o  -v -Wl,-soname -Wl,conftest -o conftest 2\>\&1 \| /bin/grep  -lc  \>/dev/null 2\>\&1
configure:9572: $? = 0
configure:9586: result: no
configure:9746: checking dynamic linker characteristics
configure:10257: gcc -o conftest  -g -O2   -Wl,-rpath -Wl,/foo conftest.c  >&5
configure:10257: $? = 0
configure:10479: result: GNU/Linux ld.so
configure:10586: checking how to hardcode library paths into programs
configure:10611: result: immediate
configure:11151: checking whether stripping libraries is possible
configure:11156: result: yes
configure:11191: checking if libtool supports shared libraries
configure:11193: result: yes
configure:11196: checking whether to build shared libraries
configure:11217: result: yes
configure:11220: checking whether to build static libraries
configure:11224: result: yes
configure:11262: checking whether make sets $(MAKE)
configure:11284: result: yes
configure:11295: checking for grep that handles long lines and -e
configure:11353: result: /bin/grep
configure:11360: checking for pow in -lm
configure:11385: gcc -o conftest  -g -O2   conftest.c -lm   >&5
conftest.c:37:6: warning: conflicting types for built-in function 'pow'
 char pow ();
      ^
configure:11385: $? = 0
configure:11394: result: yes
configure:11409: checking for ANSI C header files
configure:11513: result: yes
configure:11521: checking for inttypes.h
configure:11521: result: yes
configure:11531: checking for stdint.h
configure:11531: result: yes
configure:11541: checking for strings.h
configure:11541: result: yes
configure:11551: checking for unistd.h
configure:11551: result: yes
configure:11564: checking for getopt_long
configure:11585: gcc -o conftest  -g -O2   conftest.c -lm  >&5
conftest.c: In function 'main':
conftest.c:47:1: error: 'opt' undeclared (first use in this function)
 opt = getopt_long(0,NULL,NULL,NULL,NULL);
 ^
conftest.c:47:1: note: each undeclared identifier is reported only once for each function it appears in
configure:11585: $? = 1
configure: failed program was:
| /* confdefs.h */
| #define PACKAGE_NAME "MATIO"
| #define PACKAGE_TARNAME "matio"
| #define PACKAGE_VERSION "1.5.2"
| #define PACKAGE_STRING "MATIO 1.5.2"
| #define PACKAGE_BUGREPORT "chulbe2lsu@users.sourceforge.net"
| #define PACKAGE_URL "http://sourceforge.net/projects/matio"
| #define PACKAGE "matio"
| #define VERSION "1.5.2"
| #define MATIO_PLATFORM "x86_64-unknown-linux-gnu"
| #define MATIO_MAJOR_VERSION 1
| #define MATIO_MINOR_VERSION 5
| #define MATIO_RELEASE_LEVEL 2
| #define MATIO_VERSION 151
| #define NODEBUG /**/
| #define NODEBUG /**/
| #define STDC_HEADERS 1
| #define HAVE_SYS_TYPES_H 1
| #define HAVE_SYS_STAT_H 1
| #define HAVE_STDLIB_H 1
| #define HAVE_STRING_H 1
| #define HAVE_MEMORY_H 1
| #define HAVE_STRINGS_H 1
| #define HAVE_INTTYPES_H 1
| #define HAVE_STDINT_H 1
| #define HAVE_UNISTD_H 1
| #define HAVE_DLFCN_H 1
| #define LT_OBJDIR ".libs/"
| #define HAVE_LIBM 1
| #define STDC_HEADERS 1
| #define MATIO_HAVE_INTTYPES_H 1
| #define MATIO_HAVE_STDINT_H 1
| #define HAVE_STRINGS_H 1
| #define HAVE_UNISTD_H 1
| /* end confdefs.h.  */
| #include <stdio.h>
|  #include <stdlib.h>
|  #ifdef HAVE_UNISTD_H
|  #include <unistd.h>
|  #endif
|  #define _GNU_SOURCE /* For getopt_long on GNU systems */
|  #include <getopt.h>
| 
| int
| main ()
| {
| opt = getopt_long(0,NULL,NULL,NULL,NULL);
|   ;
|   return 0;
| }
configure:11598: result: internal
configure:11615: checking size of double
configure:11620: gcc -o conftest  -g -O2   conftest.c -lm  >&5
configure:11620: $? = 0
configure:11620: ./conftest
configure:11620: $? = 0
configure:11634: result: 8
configure:11648: checking size of float
configure:11653: gcc -o conftest  -g -O2   conftest.c -lm  >&5
configure:11653: $? = 0
configure:11653: ./conftest
configure:11653: $? = 0
configure:11667: result: 4
configure:11681: checking size of long long
configure:11686: gcc -o conftest  -g -O2   conftest.c -lm  >&5
configure:11686: $? = 0
configure:11686: ./conftest
configure:11686: $? = 0
configure:11700: result: 8
configure:11714: checking size of long
configure:11719: gcc -o conftest  -g -O2   conftest.c -lm  >&5
configure:11719: $? = 0
configure:11719: ./conftest
configure:11719: $? = 0
configure:11733: result: 8
configure:11747: checking size of int
configure:11752: gcc -o conftest  -g -O2   conftest.c -lm  >&5
configure:11752: $? = 0
configure:11752: ./conftest
configure:11752: $? = 0
configure:11766: result: 4
configure:11780: checking size of short
configure:11785: gcc -o conftest  -g -O2   conftest.c -lm  >&5
configure:11785: $? = 0
configure:11785: ./conftest
configure:11785: $? = 0
configure:11799: result: 2
configure:11813: checking size of char
configure:11818: gcc -o conftest  -g -O2   conftest.c -lm  >&5
configure:11818: $? = 0
configure:11818: ./conftest
configure:11818: $? = 0
configure:11832: result: 1
configure:11846: checking size of void *
configure:11851: gcc -o conftest  -g -O2   conftest.c -lm  >&5
configure:11851: $? = 0
configure:11851: ./conftest
configure:11851: $? = 0
configure:11865: result: 8
configure:11879: checking size of size_t
configure:11884: gcc -o conftest  -g -O2   conftest.c -lm  >&5
configure:11884: $? = 0
configure:11884: ./conftest
configure:11884: $? = 0
configure:11898: result: 8
configure:11917: checking for mat_int64_t
configure:11939: gcc -o conftest  -g -O2   conftest.c -lm  >&5
configure:11939: $? = 0
configure:11960: result: int64_t
configure:12215: checking for mat_uint64_t
configure:12237: gcc -o conftest  -g -O2   conftest.c -lm  >&5
configure:12237: $? = 0
configure:12258: result: uint64_t
configure:12513: checking for mat_int32_t
configure:12535: gcc -o conftest  -g -O2   conftest.c -lm  >&5
configure:12535: $? = 0
configure:12556: result: int32_t
configure:12811: checking for mat_uint32_t
configure:12833: gcc -o conftest  -g -O2   conftest.c -lm  >&5
configure:12833: $? = 0
configure:12854: result: uint32_t
configure:13109: checking for mat_int16_t
configure:13131: gcc -o conftest  -g -O2   conftest.c -lm  >&5
configure:13131: $? = 0
configure:13152: result: int16_t
configure:13407: checking for mat_uint16_t
configure:13429: gcc -o conftest  -g -O2   conftest.c -lm  >&5
configure:13429: $? = 0
configure:13450: result: uint16_t
configure:13705: checking for mat_int8_t
configure:13727: gcc -o conftest  -g -O2   conftest.c -lm  >&5
configure:13727: $? = 0
configure:13748: result: int8_t
configure:14003: checking for mat_uint8_t
configure:14025: gcc -o conftest  -g -O2   conftest.c -lm  >&5
configure:14025: $? = 0
configure:14046: result: uint8_t
configure:14315: checking for va_copy()
configure:14338: gcc -o conftest  -g -O2   conftest.c -lm  >&5
conftest.c: In function 'f':
conftest.c:68:4: warning: incompatible implicit declaration of built-in function 'exit'
    exit (1);
    ^
configure:14338: $? = 0
configure:14347: result: yes
configure:14400: checking for vsnprintf()
configure:14418: gcc -o conftest  -g -O2   conftest.c -lm  >&5
configure:14418: $? = 0
configure:14427: result: yes
configure:14430: checking for snprintf()
configure:14447: gcc -o conftest  -g -O2   conftest.c -lm  >&5
configure:14447: $? = 0
configure:14456: result: yes
configure:14459: checking for vasprintf()
configure:14477: gcc -o conftest  -g -O2   conftest.c -lm  >&5
configure:14477: $? = 0
configure:14486: result: yes
configure:14489: checking for asprintf()
configure:14506: gcc -o conftest  -g -O2   conftest.c -lm  >&5
configure:14506: $? = 0
configure:14515: result: yes
configure:14568: checking for matlab
configure:14586: found /usr/bin/matlab
configure:14598: result: /usr/bin/matlab
configure:14610: result: /usr/bin/matlab
configure:14632: checking for zlib Library
configure:14662: gcc -o conftest  -g -O2    conftest.c -lm  -lz >&5
configure:14662: $? = 0
configure:14719: result: -lz
configure:14751: checking for HDF5 software
configure:14788: gcc -o conftest   -g -O2   conftest.c -lhdf5 -lz -lm  >&5
conftest.c:69:35: fatal error: hdf5.h: No such file or directory
                  #include <hdf5.h>
                                   ^
compilation terminated.
configure:14788: $? = 1
configure: failed program was:
| /* confdefs.h */
| #define PACKAGE_NAME "MATIO"
| #define PACKAGE_TARNAME "matio"
| #define PACKAGE_VERSION "1.5.2"
| #define PACKAGE_STRING "MATIO 1.5.2"
| #define PACKAGE_BUGREPORT "chulbe2lsu@users.sourceforge.net"
| #define PACKAGE_URL "http://sourceforge.net/projects/matio"
| #define PACKAGE "matio"
| #define VERSION "1.5.2"
| #define MATIO_PLATFORM "x86_64-unknown-linux-gnu"
| #define MATIO_MAJOR_VERSION 1
| #define MATIO_MINOR_VERSION 5
| #define MATIO_RELEASE_LEVEL 2
| #define MATIO_VERSION 151
| #define NODEBUG /**/
| #define NODEBUG /**/
| #define STDC_HEADERS 1
| #define HAVE_SYS_TYPES_H 1
| #define HAVE_SYS_STAT_H 1
| #define HAVE_STDLIB_H 1
| #define HAVE_STRING_H 1
| #define HAVE_MEMORY_H 1
| #define HAVE_STRINGS_H 1
| #define HAVE_INTTYPES_H 1
| #define HAVE_STDINT_H 1
| #define HAVE_UNISTD_H 1
| #define HAVE_DLFCN_H 1
| #define LT_OBJDIR ".libs/"
| #define HAVE_LIBM 1
| #define STDC_HEADERS 1
| #define MATIO_HAVE_INTTYPES_H 1
| #define MATIO_HAVE_STDINT_H 1
| #define HAVE_STRINGS_H 1
| #define HAVE_UNISTD_H 1
| #define SIZEOF_DOUBLE 8
| #define SIZEOF_FLOAT 4
| #define SIZEOF_LONG_LONG 8
| #define SIZEOF_LONG 8
| #define SIZEOF_INT 4
| #define SIZEOF_SHORT 2
| #define SIZEOF_CHAR 1
| #define SIZEOF_VOID_P 8
| #define SIZEOF_SIZE_T 8
| #define HAVE_MAT_INT64_T /**/
| #define _mat_int64_t int64_t
| #define HAVE_MAT_UINT64_T /**/
| #define _mat_uint64_t uint64_t
| #define HAVE_MAT_INT32_T /**/
| #define _mat_int32_t int32_t
| #define HAVE_MAT_UINT32_T /**/
| #define _mat_uint32_t uint32_t
| #define HAVE_MAT_INT16_T /**/
| #define _mat_int16_t int16_t
| #define HAVE_MAT_UINT16_T /**/
| #define _mat_uint16_t uint16_t
| #define HAVE_MAT_INT8_T /**/
| #define _mat_int8_t int8_t
| #define HAVE_MAT_UINT8_T /**/
| #define _mat_uint8_t uint8_t
| #define HAVE_VA_COPY /**/
| #define HAVE_VSNPRINTF /**/
| #define HAVE_SNPRINTF /**/
| #define HAVE_VASPRINTF /**/
| #define HAVE_ASPRINTF /**/
| #define HAVE_ZLIB 1
| /* end confdefs.h.  */
| #include<stdio.h>
|                  #include <stdlib.h>
|                  #include <hdf5.h>
| int
| main ()
| {
| H5open()
|   ;
|   return 0;
| }
configure:14806: result: no
configure:14885: checking enable enable MAT v7.3 file support
configure:14889: result: no
configure:14920: checking for default MAT file version
configure:14940: result: MAT_FT_MAT5
configure:14954: checking enable extended sparse types
configure:14963: result: yes
configure:15214: creating ./config.status

## ---------------------- ##
## Running config.status. ##
## ---------------------- ##

This file was extended by MATIO config.status 1.5.2, which was
generated by GNU Autoconf 2.68.  Invocation command line was

  CONFIG_FILES    = 
  CONFIG_HEADERS  = 
  CONFIG_LINKS    = 
  CONFIG_COMMANDS = 
  $ ./config.status 

on wks-12-45

config.status:1170: creating Makefile
config.status:1170: creating matio.pc
config.status:1170: creating src/Makefile
config.status:1170: creating getopt/Makefile
config.status:1170: creating tools/Makefile
config.status:1170: creating test/Makefile
config.status:1170: creating documentation/Makefile
config.status:1170: creating src/matioConfig.h
config.status:1170: creating src/matio_pubconf.h
config.status:1399: executing libtool commands
config.status:1399: executing test/atconfig commands
configure:17389: result: 
configure:17391: result:    MATIO Configuration Summary       
configure:17393: result: ==============================================================
configure:17395: result:            C Compiler: gcc
configure:17397: result:                CFLAGS:  -g -O2
configure:17399: result:      Shared Libraries: yes
configure:17401: result:      Static Libraries: yes
configure:17403: result:   default MAT version: MAT_FT_MAT5
configure:17405: result: 
configure:17407: result: Features --------------------------------------------
configure:17409: result:   MAT v7.3 file support: no
configure:17411: result: Extended sparse support: yes
configure:17413: result: 
configure:17415: result: Packages --------------------------------------------
configure:17417: result:                  zlib: -lz
configure:17419: result:                  hdf5: 
configure:17421: result:                MATLAB: /usr/bin/matlab
configure:17423: result: 
configure:17425: result: 

## ---------------- ##
## Cache variables. ##
## ---------------- ##

ac_cv_build=x86_64-unknown-linux-gnu
ac_cv_c_compiler_gnu=yes
ac_cv_env_CC_set=
ac_cv_env_CC_value=
ac_cv_env_CFLAGS_set=
ac_cv_env_CFLAGS_value=
ac_cv_env_CPPFLAGS_set=
ac_cv_env_CPPFLAGS_value=
ac_cv_env_CPP_set=
ac_cv_env_CPP_value=
ac_cv_env_FCLDFLAGS_set=
ac_cv_env_FCLDFLAGS_value=
ac_cv_env_LDFLAGS_set=
ac_cv_env_LDFLAGS_value=
ac_cv_env_LIBS_set=
ac_cv_env_LIBS_value=
ac_cv_env_LT_CFLAGS_set=
ac_cv_env_LT_CFLAGS_value=
ac_cv_env_LT_LDFLAGS_set=
ac_cv_env_LT_LDFLAGS_value=
ac_cv_env_build_alias_set=
ac_cv_env_build_alias_value=
ac_cv_env_host_alias_set=
ac_cv_env_host_alias_value=
ac_cv_env_target_alias_set=
ac_cv_env_target_alias_value=
ac_cv_header_dlfcn_h=yes
ac_cv_header_inttypes_h=yes
ac_cv_header_memory_h=yes
ac_cv_header_stdc=yes
ac_cv_header_stdint_h=yes
ac_cv_header_stdlib_h=yes
ac_cv_header_string_h=yes
ac_cv_header_strings_h=yes
ac_cv_header_sys_stat_h=yes
ac_cv_header_sys_types_h=yes
ac_cv_header_unistd_h=yes
ac_cv_host=x86_64-unknown-linux-gnu
ac_cv_lib_m_pow=yes
ac_cv_objext=o
ac_cv_path_EGREP='/bin/grep -E'
ac_cv_path_FGREP='/bin/grep -F'
ac_cv_path_GREP=/bin/grep
ac_cv_path_MATLABEXE=/usr/bin/matlab
ac_cv_path_SED=/bin/sed
ac_cv_path_install='/usr/bin/install -c'
ac_cv_path_mkdir=/bin/mkdir
ac_cv_prog_AWK=gawk
ac_cv_prog_CPP='gcc -E'
ac_cv_prog_ac_ct_AR=ar
ac_cv_prog_ac_ct_CC=gcc
ac_cv_prog_ac_ct_MANIFEST_TOOL=mt
ac_cv_prog_ac_ct_OBJDUMP=objdump
ac_cv_prog_ac_ct_RANLIB=ranlib
ac_cv_prog_ac_ct_STRIP=strip
ac_cv_prog_cc_c89=
ac_cv_prog_cc_g=yes
ac_cv_prog_make_make_set=yes
ac_cv_sizeof_char=1
ac_cv_sizeof_double=8
ac_cv_sizeof_float=4
ac_cv_sizeof_int=4
ac_cv_sizeof_long=8
ac_cv_sizeof_long_long=8
ac_cv_sizeof_short=2
ac_cv_sizeof_size_t=8
ac_cv_sizeof_void_p=8
lt_cv_ar_at_file=@
lt_cv_archive_cmds_need_lc=no
lt_cv_deplibs_check_method=pass_all
lt_cv_file_magic_cmd='$MAGIC_CMD'
lt_cv_file_magic_test_file=
lt_cv_ld_reload_flag=-r
lt_cv_nm_interface='BSD nm'
lt_cv_objdir=.libs
lt_cv_path_LD=/usr/bin/ld
lt_cv_path_NM='/usr/bin/nm -B'
lt_cv_path_mainfest_tool=no
lt_cv_prog_compiler_c_o=yes
lt_cv_prog_compiler_pic='-fPIC -DPIC'
lt_cv_prog_compiler_pic_works=yes
lt_cv_prog_compiler_rtti_exceptions=no
lt_cv_prog_compiler_static_works=yes
lt_cv_prog_gnu_ld=yes
lt_cv_sharedlib_from_linklib_cmd='printf %s\n'
lt_cv_shlibpath_overrides_runpath=no
lt_cv_sys_global_symbol_pipe='sed -n -e '\''s/^.*[	 ]\([ABCDGIRSTW][ABCDGIRSTW]*\)[	 ][	 ]*\([_A-Za-z][_A-Za-z0-9]*\)$/\1 \2 \2/p'\'' | sed '\''/ __gnu_lto/d'\'''
lt_cv_sys_global_symbol_to_c_name_address='sed -n -e '\''s/^: \([^ ]*\)[ ]*$/  {\"\1\", (void *) 0},/p'\'' -e '\''s/^[ABCDGIRSTW]* \([^ ]*\) \([^ ]*\)$/  {"\2", (void *) \&\2},/p'\'''
lt_cv_sys_global_symbol_to_c_name_address_lib_prefix='sed -n -e '\''s/^: \([^ ]*\)[ ]*$/  {\"\1\", (void *) 0},/p'\'' -e '\''s/^[ABCDGIRSTW]* \([^ ]*\) \(lib[^ ]*\)$/  {"\2", (void *) \&\2},/p'\'' -e '\''s/^[ABCDGIRSTW]* \([^ ]*\) \([^ ]*\)$/  {"lib\2", (void *) \&\2},/p'\'''
lt_cv_sys_global_symbol_to_cdecl='sed -n -e '\''s/^T .* \(.*\)$/extern int \1();/p'\'' -e '\''s/^[ABCDGIRSTW]* .* \(.*\)$/extern char \1;/p'\'''
lt_cv_sys_max_cmd_len=1572864
lt_cv_to_host_file_cmd=func_convert_file_noop
lt_cv_to_tool_file_cmd=func_convert_file_noop
matio_cv_have_asprintf=yes
matio_cv_have_matlab=yes
matio_cv_have_snprintf=yes
matio_cv_have_va_copy=yes
matio_cv_have_vasprintf=yes
matio_cv_have_vsnprintf=yes

## ----------------- ##
## Output variables. ##
## ----------------- ##

ACLOCAL='${SHELL} /home/zhongjie/CodesDown/jointmulticut/joint-multicut/deeplab/matio-1.5.2/config/missing --run aclocal-1.11'
AMTAR='${SHELL} /home/zhongjie/CodesDown/jointmulticut/joint-multicut/deeplab/matio-1.5.2/config/missing --run tar'
AM_BACKSLASH='\'
AM_DEFAULT_VERBOSITY='1'
AR='ar'
AUTOCONF='${SHELL} /home/zhongjie/CodesDown/jointmulticut/joint-multicut/deeplab/matio-1.5.2/config/missing --run autoconf'
AUTOHEADER='${SHELL} /home/zhongjie/CodesDown/jointmulticut/joint-multicut/deeplab/matio-1.5.2/config/missing --run autoheader'
AUTOM4TE='autom4te'
AUTOMAKE='${SHELL} /home/zhongjie/CodesDown/jointmulticut/joint-multicut/deeplab/matio-1.5.2/config/missing --run automake-1.11'
AUTOTEST='$(AUTOM4TE) --language=Autotest'
AWK='gawk'
CC='gcc'
CFLAGS=' -g -O2'
CPP='gcc -E'
CPPFLAGS=''
CYGPATH_W='echo'
DEFS='-DHAVE_CONFIG_H'
DLLTOOL='false'
DSYMUTIL=''
DUMPBIN=''
ECHO_C=''
ECHO_N='-n'
ECHO_T=''
EGREP='/bin/grep -E'
EXEEXT=''
EXTENDED_SPARSE_FALSE='#'
EXTENDED_SPARSE_TRUE=''
FCLDFLAGS=''
FGREP='/bin/grep -F'
GREP='/bin/grep'
HAVE_HDF5_FALSE=''
HAVE_HDF5_TRUE='#'
HAVE_INT64='1'
HAVE_UINT64='1'
HAVE_ZLIB_FALSE='#'
HAVE_ZLIB_TRUE=''
HDF5_CFLAGS=''
HDF5_LIBS=''
INSTALL_DATA='${INSTALL} -m 644'
INSTALL_PROGRAM='${INSTALL}'
INSTALL_SCRIPT='${INSTALL}'
INSTALL_STRIP_PROGRAM='$(install_sh) -c -s'
LD='/usr/bin/ld -m elf_x86_64'
LDFLAGS=''
LIBOBJS=''
LIBS='-lm '
LIBTOOL='$(SHELL) $(top_builddir)/libtool'
LINUX_FALSE='#'
LINUX_TRUE=''
LIPO=''
LN_S='ln -s'
LTLIBOBJS=''
LT_CFLAGS=''
LT_LDFLAGS=''
MAINT='#'
MAINTAINER_MODE_FALSE=''
MAINTAINER_MODE_TRUE='#'
MAKEINFO='${SHELL} /home/zhongjie/CodesDown/jointmulticut/joint-multicut/deeplab/matio-1.5.2/config/missing --run makeinfo'
MANIFEST_TOOL=':'
MAT73_FALSE=''
MAT73_TRUE='#'
MATLABEXE='/usr/bin/matlab'
MKDIR_P='/bin/mkdir -p'
NEED_GETOPT_FALSE='#'
NEED_GETOPT_TRUE=''
NM='/usr/bin/nm -B'
NMEDIT=''
OBJDUMP='objdump'
OBJEXT='o'
OTOOL64=''
OTOOL=''
PACKAGE='matio'
PACKAGE_BUGREPORT='chulbe2lsu@users.sourceforge.net'
PACKAGE_NAME='MATIO'
PACKAGE_RELEASE_DATE='31 July 2013'
PACKAGE_STRING='MATIO 1.5.2'
PACKAGE_TARNAME='matio'
PACKAGE_URL='http://sourceforge.net/projects/matio'
PACKAGE_VERSION='1.5.2'
PATH_SEPARATOR=':'
RANLIB='ranlib'
SED='/bin/sed'
SET_MAKE=''
SHELL='/bin/bash'
SIZEOF_INT='4'
SIZEOF_SIZE_T='8'
SIZEOF_VOID_P='8'
STRIP='strip'
SUN_FALSE=''
SUN_TRUE='#'
VERSION='1.5.2'
WINNT_FALSE=''
WINNT_TRUE='#'
ZLIB_CFLAGS=''
ZLIB_LIBS='-lz'
ac_ct_AR='ar'
ac_ct_CC='gcc'
ac_ct_DUMPBIN=''
am__EXEEXT_FALSE=''
am__EXEEXT_TRUE='#'
am__isrc=''
am__leading_dot='.'
am__tar='${AMTAR} chof - "$$tardir"'
am__untar='${AMTAR} xf -'
bindir='${exec_prefix}/bin'
build='x86_64-unknown-linux-gnu'
build_alias=''
build_cpu='x86_64'
build_os='linux-gnu'
build_vendor='unknown'
datadir='${datarootdir}'
datarootdir='${prefix}/share'
docdir='${datarootdir}/doc/${PACKAGE_TARNAME}'
dvidir='${docdir}'
exec_prefix='${prefix}'
host='x86_64-unknown-linux-gnu'
host_alias=''
host_cpu='x86_64'
host_os='linux-gnu'
host_vendor='unknown'
htmldir='${docdir}'
includedir='${prefix}/include'
infodir='${datarootdir}/info'
install_sh='${SHELL} /home/zhongjie/CodesDown/jointmulticut/joint-multicut/deeplab/matio-1.5.2/config/install-sh'
libdir='${exec_prefix}/lib'
libexecdir='${exec_prefix}/libexec'
localedir='${datarootdir}/locale'
localstatedir='${prefix}/var'
mandir='${datarootdir}/man'
mkdir_p='/bin/mkdir -p'
oldincludedir='/usr/include'
pdfdir='${docdir}'
prefix='/usr/local'
program_transform_name='s,x,x,'
psdir='${docdir}'
sbindir='${exec_prefix}/sbin'
sharedstatedir='${prefix}/com'
sysconfdir='${prefix}/etc'
target_alias=''

## ----------- ##
## confdefs.h. ##
## ----------- ##

/* confdefs.h */
#define PACKAGE_NAME "MATIO"
#define PACKAGE_TARNAME "matio"
#define PACKAGE_VERSION "1.5.2"
#define PACKAGE_STRING "MATIO 1.5.2"
#define PACKAGE_BUGREPORT "chulbe2lsu@users.sourceforge.net"
#define PACKAGE_URL "http://sourceforge.net/projects/matio"
#define PACKAGE "matio"
#define VERSION "1.5.2"
#define MATIO_PLATFORM "x86_64-unknown-linux-gnu"
#define MATIO_MAJOR_VERSION 1
#define MATIO_MINOR_VERSION 5
#define MATIO_RELEASE_LEVEL 2
#define MATIO_VERSION 151
#define NODEBUG /**/
#define NODEBUG /**/
#define STDC_HEADERS 1
#define HAVE_SYS_TYPES_H 1
#define HAVE_SYS_STAT_H 1
#define HAVE_STDLIB_H 1
#define HAVE_STRING_H 1
#define HAVE_MEMORY_H 1
#define HAVE_STRINGS_H 1
#define HAVE_INTTYPES_H 1
#define HAVE_STDINT_H 1
#define HAVE_UNISTD_H 1
#define HAVE_DLFCN_H 1
#define LT_OBJDIR ".libs/"
#define HAVE_LIBM 1
#define STDC_HEADERS 1
#define MATIO_HAVE_INTTYPES_H 1
#define MATIO_HAVE_STDINT_H 1
#define HAVE_STRINGS_H 1
#define HAVE_UNISTD_H 1
#define SIZEOF_DOUBLE 8
#define SIZEOF_FLOAT 4
#define SIZEOF_LONG_LONG 8
#define SIZEOF_LONG 8
#define SIZEOF_INT 4
#define SIZEOF_SHORT 2
#define SIZEOF_CHAR 1
#define SIZEOF_VOID_P 8
#define SIZEOF_SIZE_T 8
#define HAVE_MAT_INT64_T /**/
#define _mat_int64_t int64_t
#define HAVE_MAT_UINT64_T /**/
#define _mat_uint64_t uint64_t
#define HAVE_MAT_INT32_T /**/
#define _mat_int32_t int32_t
#define HAVE_MAT_UINT32_T /**/
#define _mat_uint32_t uint32_t
#define HAVE_MAT_INT16_T /**/
#define _mat_int16_t int16_t
#define HAVE_MAT_UINT16_T /**/
#define _mat_uint16_t uint16_t
#define HAVE_MAT_INT8_T /**/
#define _mat_int8_t int8_t
#define HAVE_MAT_UINT8_T /**/
#define _mat_uint8_t uint8_t
#define HAVE_VA_COPY /**/
#define HAVE_VSNPRINTF /**/
#define HAVE_SNPRINTF /**/
#define HAVE_VASPRINTF /**/
#define HAVE_ASPRINTF /**/
#define HAVE_ZLIB 1
#define MAT_FT_DEFAULT MAT_FT_MAT5
#define EXTENDED_SPARSE /**/
#define LINUX /**/

configure: exit 0
